<?xml version="1.0" encoding="UTF-8"?>
<!-- Generated by org.testng.reporters.JUnitReportReporter -->
<testsuite hostname="DESKTOP-OKRE5AJ" failures="0" tests="1" name="TestNG_Annotations.Demo_OrangeLogin" time="23.191" errors="0" timestamp="2024-08-28T17:05:15 IST" skipped="0">
  <testcase classname="TestNG_Annotations.Demo_OrangeLogin" name="login" time="23.191"/>
  <system-out/>
</testsuite> <!-- TestNG_Annotations.Demo_OrangeLogin -->
