<?xml version="1.0" encoding="UTF-8"?>
<!-- Generated by org.testng.reporters.JUnitReportReporter -->
<testsuite hostname="DESKTOP-OKRE5AJ" failures="0" tests="2" name="TestNG_Annotations.TakeScreenShot_WebPage" time="21.956" errors="0" timestamp="2024-08-28T17:44:59 IST" skipped="0">
  <testcase classname="TestNG_Annotations.TakeScreenShot_WebPage" name="takeScreenshot_page" time="8.587"/>
  <system-out/>
  <testcase classname="TestNG_Annotations.TakeScreenShot_WebPage" name="takeScreenshot_Element" time="13.369"/>
  <system-out/>
</testsuite> <!-- TestNG_Annotations.TakeScreenShot_WebPage -->
