<?xml version="1.0" encoding="UTF-8"?>
<!-- Generated by org.testng.reporters.JUnitReportReporter -->
<testsuite hostname="DESKTOP-OKRE5AJ" failures="0" tests="3" name="TestNg_Practice.Simple_Test" time="0.024" errors="0" timestamp="2024-10-14T09:04:12 IST" skipped="0">
  <testcase classname="TestNg_Practice.Simple_Test" name="createProduct" time="0.019"/>
  <system-out/>
  <testcase classname="TestNg_Practice.Simple_Test" name="modifyProduct" time="0.002"/>
  <system-out/>
  <testcase classname="TestNg_Practice.Simple_Test" name="deleteProduct" time="0.003"/>
  <system-out/>
</testsuite> <!-- TestNg_Practice.Simple_Test -->
