<?xml version="1.0" encoding="UTF-8"?>
<!-- Generated by org.testng.reporters.JUnitReportReporter -->
<testsuite hostname="DESKTOP-OKRE5AJ" failures="0" tests="1" name="getMeth.GetUrl" time="0.018" errors="0" timestamp="2024-08-23T20:53:09 IST" skipped="0">
  <testcase classname="getMeth.GetUrl" name="startCar" time="0.018">
    <system-out>
      <![CDATA[Hello World]]>
    </system-out>
  </testcase> <!-- startCar -->
  <system-out>
    <![CDATA[Hello World]]>
  </system-out>
</testsuite> <!-- getMeth.GetUrl -->
