<?xml version="1.0" encoding="UTF-8"?>
<!-- Generated by org.testng.reporters.JUnitReportReporter -->
<testsuite hostname="DESKTOP-OKRE5AJ" failures="0" tests="1" name="TestNG_Annotations.Demo_Login" time="18.390" errors="0" timestamp="2024-08-24T10:07:48 IST" skipped="0">
  <testcase classname="TestNG_Annotations.Demo_Login" name="login" time="18.390"/>
  <system-out>
    <![CDATA[TestCase Passed]]>
  </system-out>
</testsuite> <!-- TestNG_Annotations.Demo_Login -->
