<?xml version="1.0" encoding="UTF-8"?>
<!-- Generated by org.testng.reporters.JUnitReportReporter -->
<testsuite hostname="DESKTOP-OKRE5AJ" failures="0" tests="2" name="TestNG_Annotations.Test_annotation" time="0.026" errors="0" timestamp="2024-08-28T17:07:46 IST" skipped="0">
  <testcase classname="TestNG_Annotations.Test_annotation" name="startCar" time="0.003"/>
  <system-out>
    <![CDATA[Hello World]]>
  </system-out>
  <testcase classname="TestNG_Annotations.Test_annotation" name="startCar" time="0.023"/>
  <system-out>
    <![CDATA[Hello World]]>
  </system-out>
</testsuite> <!-- TestNG_Annotations.Test_annotation -->
